<!DOCTYPE html PUBLIC "-//W3C//DTD XHTML 1.1//EN" "https://www.w3.org/TR/xhtml11/DTD/xhtml11.dtd">
<html xmlns="https://www.w3.org/1999/xhtml">
<head>
<meta http-equiv="content-type" content="text/html; charset=UTF-8"/>
<title>TestNG Report</title>
<style type="text/css">table {margin-bottom:10px;border-collapse:collapse;empty-cells:show}th,td {border:1px solid #009;padding:.25em .5em}th {vertical-align:bottom}td {vertical-align:top}table a {font-weight:bold}.stripe td {background-color: #E6EBF9}.num {text-align:right}.passedodd td {background-color: #3F3}.passedeven td {background-color: #0A0}.skippedodd td {background-color: #DDD}.skippedeven td {background-color: #CCC}.failedodd td,.attn {background-color: #F33}.failedeven td,.stripe .attn {background-color: #D00}.stacktrace {white-space:pre;font-family:monospace}.totop {font-size:85%;text-align:center;border-bottom:2px solid #000}.invisible {display:none}</style>
</head>
<body>
<table>
<tr><th>Test</th><th># Passed</th><th># Skipped</th><th># Retried</th><th># Failed</th><th>Time (ms)</th><th>Included Groups</th><th>Excluded Groups</th></tr>
<tr><th colspan="8">Default suite</th></tr>
<tr><td><a href="#t0">Default test</a></td><td class="num">1</td><td class="num">0</td><td class="num">0</td><td class="num attn">1</td><td class="num">16,981</td><td></td><td></td></tr>
</table>
<table id='summary'><thead><tr><th>Class</th><th>Method</th><th>Start</th><th>Time (ms)</th></tr></thead><tbody><tr><th colspan="4">Default suite</th></tr></tbody><tbody id="t0"><tr><th colspan="4">Default test &#8212; failed</th></tr><tr class="failedeven"><td rowspan="1">pms.Addprojectflow</td><td><a href="#m0">testNegative_EmptyProjectTitle</a></td><td rowspan="1">1759835579021</td><td rowspan="1">59</td></tr><tr><th colspan="4">Default test &#8212; passed</th></tr><tr class="passedeven"><td rowspan="1">pms.Addprojectflow</td><td><a href="#m1">testPositive_AddProjectSuccessfully</a></td><td rowspan="1">1759835575361</td><td rowspan="1">3655</td></tr></tbody>
</table>
<h2>Default test</h2><h3 id="m0">pms.Addprojectflow#testNegative_EmptyProjectTitle</h3><table class="result"><tr><th>Exception</th></tr><tr><td><div class="stacktrace">com.microsoft.playwright.PlaywrightException: Error {
  message=&apos;Error: strict mode violation: locator(&quot;button:has-text(&apos;Add New Project&apos;)&quot;) resolved to 2 elements:
    1) &lt;button tabindex=&quot;0&quot; type=&quot;button&quot; class=&quot;MuiButtonBase-root MuiButton-root MuiButton-text MuiButton-textPrimary MuiButton-sizeMedium MuiButton-textSizeMedium MuiButton-colorPrimary MuiButton-root MuiButton-text MuiButton-textPrimary MuiButton-sizeMedium MuiButton-textSizeMedium MuiButton-colorPrimary rounded text-capitalize AddButton me-3 ms-2 css-1c69r7k&quot;&gt;…&lt;/button&gt; aka getByRole(AriaRole.BUTTON, new Page.GetByRoleOptions().setName(&quot;Add New Projects&quot;))
    2) &lt;button class=&quot;R_btn&quot;&gt;…&lt;/button&gt; aka getByRole(AriaRole.BUTTON, new Page.GetByRoleOptions().setName(&quot;Add New Project&quot;).setExact(true))

  name=&apos;Error
  stack=&apos;Error: Error: strict mode violation: locator(&quot;button:has-text(&apos;Add New Project&apos;)&quot;) resolved to 2 elements:
    1) &lt;button tabindex=&quot;0&quot; type=&quot;button&quot; class=&quot;MuiButtonBase-root MuiButton-root MuiButton-text MuiButton-textPrimary MuiButton-sizeMedium MuiButton-textSizeMedium MuiButton-colorPrimary MuiButton-root MuiButton-text MuiButton-textPrimary MuiButton-sizeMedium MuiButton-textSizeMedium MuiButton-colorPrimary rounded text-capitalize AddButton me-3 ms-2 css-1c69r7k&quot;&gt;…&lt;/button&gt; aka getByRole(AriaRole.BUTTON, new Page.GetByRoleOptions().setName(&quot;Add New Projects&quot;))
    2) &lt;button class=&quot;R_btn&quot;&gt;…&lt;/button&gt; aka getByRole(AriaRole.BUTTON, new Page.GetByRoleOptions().setName(&quot;Add New Project&quot;).setExact(true))

    at CRExecutionContext.evaluateWithArguments (C:\Users\AVITA\AppData\Local\Temp\playwright-java-3574917357137268746\package\lib\server\chromium\crExecutionContext.js:92:33)
    at async LongStandingScope._race (C:\Users\AVITA\AppData\Local\Temp\playwright-java-3574917357137268746\package\lib\utils\manualPromise.js:96:14)
    at async evaluateExpression (C:\Users\AVITA\AppData\Local\Temp\playwright-java-3574917357137268746\package\lib\server\javascript.js:242:12)
    at async C:\Users\AVITA\AppData\Local\Temp\playwright-java-3574917357137268746\package\lib\server\frames.js:640:22
    at async Frame.retryWithProgressAndTimeouts (C:\Users\AVITA\AppData\Local\Temp\playwright-java-3574917357137268746\package\lib\server\frames.js:929:24)
    at async C:\Users\AVITA\AppData\Local\Temp\playwright-java-3574917357137268746\package\lib\server\frames.js:626:14
    at async ProgressController.run (C:\Users\AVITA\AppData\Local\Temp\playwright-java-3574917357137268746\package\lib\server\progress.js:82:22)
    at async FrameDispatcher.waitForSelector (C:\Users\AVITA\AppData\Local\Temp\playwright-java-3574917357137268746\package\lib\server\dispatchers\frameDispatcher.js:105:85)
    at async LongStandingScope._race (C:\Users\AVITA\AppData\Local\Temp\playwright-java-3574917357137268746\package\lib\utils\manualPromise.js:96:14)
    at async FrameDispatcher._handleCommand (C:\Users\AVITA\AppData\Local\Temp\playwright-java-3574917357137268746\package\lib\server\dispatchers\dispatcher.js:96:14)
}
Call log:
- waiting for locator(&quot;button:has-text(&apos;Add New Project&apos;)&quot;) to be visible

	at com.microsoft.playwright.impl.WaitableResult.get(WaitableResult.java:56)
	at com.microsoft.playwright.impl.ChannelOwner.runUntil(ChannelOwner.java:120)
	at com.microsoft.playwright.impl.Connection.sendMessage(Connection.java:130)
	at com.microsoft.playwright.impl.ChannelOwner.sendMessage(ChannelOwner.java:106)
	at com.microsoft.playwright.impl.FrameImpl.waitForSelectorImpl(FrameImpl.java:1060)
	at com.microsoft.playwright.impl.LocatorImpl.lambda$waitForImpl$7(LocatorImpl.java:619)
	at com.microsoft.playwright.impl.LoggingSupport.withLogging(LoggingSupport.java:47)
	at com.microsoft.playwright.impl.ChannelOwner.withLogging(ChannelOwner.java:89)
	at com.microsoft.playwright.impl.LocatorImpl.waitForImpl(LocatorImpl.java:619)
	at com.microsoft.playwright.impl.LocatorImpl.waitFor(LocatorImpl.java:615)
	at pms.Addprojectflow.testNegative_EmptyProjectTitle(Addprojectflow.java:101)
	at java.base/jdk.internal.reflect.DirectMethodHandleAccessor.invoke(DirectMethodHandleAccessor.java:103)
	at java.base/java.lang.reflect.Method.invoke(Method.java:580)
	at org.testng.internal.invokers.MethodInvocationHelper.invokeMethod(MethodInvocationHelper.java:141)
	at org.testng.internal.invokers.TestInvoker.invokeMethod(TestInvoker.java:686)
	at org.testng.internal.invokers.TestInvoker.invokeTestMethod(TestInvoker.java:230)
	at org.testng.internal.invokers.MethodRunner.runInSequence(MethodRunner.java:63)
	at org.testng.internal.invokers.TestInvoker$MethodInvocationAgent.invoke(TestInvoker.java:992)
	at org.testng.internal.invokers.TestInvoker.invokeTestMethods(TestInvoker.java:203)
	at org.testng.internal.invokers.TestMethodWorker.invokeTestMethods(TestMethodWorker.java:154)
	at org.testng.internal.invokers.TestMethodWorker.run(TestMethodWorker.java:134)
	at java.base/java.util.ArrayList.forEach(ArrayList.java:1596)
	at org.testng.TestRunner.privateRun(TestRunner.java:739)
	at org.testng.TestRunner.run(TestRunner.java:614)
	at org.testng.SuiteRunner.runTest(SuiteRunner.java:421)
	at org.testng.SuiteRunner.runSequentially(SuiteRunner.java:413)
	at org.testng.SuiteRunner.privateRun(SuiteRunner.java:373)
	at org.testng.SuiteRunner.run(SuiteRunner.java:312)
	at org.testng.SuiteRunnerWorker.runSuite(SuiteRunnerWorker.java:52)
	at org.testng.SuiteRunnerWorker.run(SuiteRunnerWorker.java:95)
	at org.testng.TestNG.runSuitesSequentially(TestNG.java:1274)
	at org.testng.TestNG.runSuitesLocally(TestNG.java:1208)
	at org.testng.TestNG.runSuites(TestNG.java:1112)
	at org.testng.TestNG.run(TestNG.java:1079)
	at org.testng.remote.AbstractRemoteTestNG.run(AbstractRemoteTestNG.java:115)
	at org.testng.remote.RemoteTestNG.initAndRun(RemoteTestNG.java:293)
	at org.testng.remote.RemoteTestNG.main(RemoteTestNG.java:91)
Caused by: com.microsoft.playwright.impl.DriverException: Error {
  message=&apos;Error: strict mode violation: locator(&quot;button:has-text(&apos;Add New Project&apos;)&quot;) resolved to 2 elements:
    1) &lt;button tabindex=&quot;0&quot; type=&quot;button&quot; class=&quot;MuiButtonBase-root MuiButton-root MuiButton-text MuiButton-textPrimary MuiButton-sizeMedium MuiButton-textSizeMedium MuiButton-colorPrimary MuiButton-root MuiButton-text MuiButton-textPrimary MuiButton-sizeMedium MuiButton-textSizeMedium MuiButton-colorPrimary rounded text-capitalize AddButton me-3 ms-2 css-1c69r7k&quot;&gt;…&lt;/button&gt; aka getByRole(AriaRole.BUTTON, new Page.GetByRoleOptions().setName(&quot;Add New Projects&quot;))
    2) &lt;button class=&quot;R_btn&quot;&gt;…&lt;/button&gt; aka getByRole(AriaRole.BUTTON, new Page.GetByRoleOptions().setName(&quot;Add New Project&quot;).setExact(true))

  name=&apos;Error
  stack=&apos;Error: Error: strict mode violation: locator(&quot;button:has-text(&apos;Add New Project&apos;)&quot;) resolved to 2 elements:
    1) &lt;button tabindex=&quot;0&quot; type=&quot;button&quot; class=&quot;MuiButtonBase-root MuiButton-root MuiButton-text MuiButton-textPrimary MuiButton-sizeMedium MuiButton-textSizeMedium MuiButton-colorPrimary MuiButton-root MuiButton-text MuiButton-textPrimary MuiButton-sizeMedium MuiButton-textSizeMedium MuiButton-colorPrimary rounded text-capitalize AddButton me-3 ms-2 css-1c69r7k&quot;&gt;…&lt;/button&gt; aka getByRole(AriaRole.BUTTON, new Page.GetByRoleOptions().setName(&quot;Add New Projects&quot;))
    2) &lt;button class=&quot;R_btn&quot;&gt;…&lt;/button&gt; aka getByRole(AriaRole.BUTTON, new Page.GetByRoleOptions().setName(&quot;Add New Project&quot;).setExact(true))

    at CRExecutionContext.evaluateWithArguments (C:\Users\AVITA\AppData\Local\Temp\playwright-java-3574917357137268746\package\lib\server\chromium\crExecutionContext.js:92:33)
    at async LongStandingScope._race (C:\Users\AVITA\AppData\Local\Temp\playwright-java-3574917357137268746\package\lib\utils\manualPromise.js:96:14)
    at async evaluateExpression (C:\Users\AVITA\AppData\Local\Temp\playwright-java-3574917357137268746\package\lib\server\javascript.js:242:12)
    at async C:\Users\AVITA\AppData\Local\Temp\playwright-java-3574917357137268746\package\lib\server\frames.js:640:22
    at async Frame.retryWithProgressAndTimeouts (C:\Users\AVITA\AppData\Local\Temp\playwright-java-3574917357137268746\package\lib\server\frames.js:929:24)
    at async C:\Users\AVITA\AppData\Local\Temp\playwright-java-3574917357137268746\package\lib\server\frames.js:626:14
    at async ProgressController.run (C:\Users\AVITA\AppData\Local\Temp\playwright-java-3574917357137268746\package\lib\server\progress.js:82:22)
    at async FrameDispatcher.waitForSelector (C:\Users\AVITA\AppData\Local\Temp\playwright-java-3574917357137268746\package\lib\server\dispatchers\frameDispatcher.js:105:85)
    at async LongStandingScope._race (C:\Users\AVITA\AppData\Local\Temp\playwright-java-3574917357137268746\package\lib\utils\manualPromise.js:96:14)
    at async FrameDispatcher._handleCommand (C:\Users\AVITA\AppData\Local\Temp\playwright-java-3574917357137268746\package\lib\server\dispatchers\dispatcher.js:96:14)
}
Call log:
- waiting for locator(&quot;button:has-text(&apos;Add New Project&apos;)&quot;) to be visible

	at com.microsoft.playwright.impl.Connection.dispatch(Connection.java:259)
	at com.microsoft.playwright.impl.Connection.processOneMessage(Connection.java:211)
	at com.microsoft.playwright.impl.ChannelOwner.runUntil(ChannelOwner.java:118)
	... 35 more
</div></td></tr></table><p class="totop"><a href="#summary">back to summary</a></p>
<h3 id="m1">pms.Addprojectflow#testPositive_AddProjectSuccessfully</h3><table class="result"><tr><th class="invisible"/></tr></table><p class="totop"><a href="#summary">back to summary</a></p>
</body>
</html>
